Flow report for Proyecto
Wed Jun 12 07:22:59 2024
Quartus Prime Version 22.1std.0 Build 915 10/25/2022 SC Lite Edition


---------------------
; Table of Contents ;
---------------------
  1. Legal Notice
  2. Flow Summary
  3. Flow Settings
  4. Flow Non-Default Global Settings
  5. Flow Elapsed Time
  6. Flow OS Summary
  7. Flow Log
  8. Flow Messages
  9. Flow Suppressed Messages



----------------
; Legal Notice ;
----------------
Copyright (C) 2022  Intel Corporation. All rights reserved.
Your use of Intel Corporation's design tools, logic functions 
and other software and tools, and any partner logic 
functions, and any output files from any of the foregoing 
(including device programming or simulation files), and any 
associated documentation or information are expressly subject 
to the terms and conditions of the Intel Program License 
Subscription Agreement, the Intel Quartus Prime License Agreement,
the Intel FPGA IP License Agreement, or other applicable license
agreement, including, without limitation, that your use is for
the sole purpose of programming logic devices manufactured by
Intel and sold by Intel or its authorized distributors.  Please
refer to the applicable agreement for further details, at
https://fpgasoftware.intel.com/eula.



+----------------------------------------------------------------------------------+
; Flow Summary                                                                     ;
+---------------------------------+------------------------------------------------+
; Flow Status                     ; Successful - Wed Jun 12 07:22:59 2024          ;
; Quartus Prime Version           ; 22.1std.0 Build 915 10/25/2022 SC Lite Edition ;
; Revision Name                   ; Proyecto                                       ;
; Top-level Entity Name           ; top                                            ;
; Family                          ; Cyclone V                                      ;
; Device                          ; 5CSEMA5F31C6                                   ;
; Timing Models                   ; Final                                          ;
; Logic utilization (in ALMs)     ; 20,471 / 32,070 ( 64 % )                       ;
; Total registers                 ; 33428                                          ;
; Total pins                      ; 101 / 457 ( 22 % )                             ;
; Total virtual pins              ; 0                                              ;
; Total block memory bits         ; 5,256 / 4,065,280 ( < 1 % )                    ;
; Total DSP Blocks                ; 0 / 87 ( 0 % )                                 ;
; Total HSSI RX PCSs              ; 0                                              ;
; Total HSSI PMA RX Deserializers ; 0                                              ;
; Total HSSI TX PCSs              ; 0                                              ;
; Total HSSI PMA TX Serializers   ; 0                                              ;
; Total PLLs                      ; 0 / 6 ( 0 % )                                  ;
; Total DLLs                      ; 0 / 4 ( 0 % )                                  ;
+---------------------------------+------------------------------------------------+


+-----------------------------------------+
; Flow Settings                           ;
+-------------------+---------------------+
; Option            ; Setting             ;
+-------------------+---------------------+
; Start date & time ; 06/12/2024 07:05:48 ;
; Main task         ; Compilation         ;
; Revision Name     ; Proyecto            ;
+-------------------+---------------------+


+------------------------------------------------------------------------------------------------------------------------------+
; Flow Non-Default Global Settings                                                                                             ;
+--------------------------------------+----------------------------------------+---------------+-------------+----------------+
; Assignment Name                      ; Value                                  ; Default Value ; Entity Name ; Section Id     ;
+--------------------------------------+----------------------------------------+---------------+-------------+----------------+
; COMPILER_SIGNATURE_ID                ; 238338863815067.171819754712448        ; --            ; --          ; --             ;
; EDA_DESIGN_INSTANCE_NAME             ; NA                                     ; --            ; --          ; vga_tb         ;
; EDA_DESIGN_INSTANCE_NAME             ; NA                                     ; --            ; --          ; top_tb         ;
; EDA_NATIVELINK_SIMULATION_TEST_BENCH ; top_tb                                 ; --            ; --          ; eda_simulation ;
; EDA_OUTPUT_DATA_FORMAT               ; Verilog Hdl                            ; --            ; --          ; eda_simulation ;
; EDA_SIMULATION_TOOL                  ; ModelSim (Verilog)                     ; <None>        ; --          ; --             ;
; EDA_TEST_BENCH_ENABLE_STATUS         ; TEST_BENCH_MODE                        ; --            ; --          ; eda_simulation ;
; EDA_TEST_BENCH_FILE                  ; vga_tb.sv                              ; --            ; --          ; vga_tb         ;
; EDA_TEST_BENCH_FILE                  ; top_tb.sv                              ; --            ; --          ; top_tb         ;
; EDA_TEST_BENCH_MODULE_NAME           ; vga_tb                                 ; --            ; --          ; vga_tb         ;
; EDA_TEST_BENCH_MODULE_NAME           ; top_tb                                 ; --            ; --          ; top_tb         ;
; EDA_TEST_BENCH_NAME                  ; vga_tb                                 ; --            ; --          ; eda_simulation ;
; EDA_TEST_BENCH_NAME                  ; top_tb                                 ; --            ; --          ; eda_simulation ;
; EDA_TIME_SCALE                       ; 1 ps                                   ; --            ; --          ; eda_simulation ;
; MAX_CORE_JUNCTION_TEMP               ; 85                                     ; --            ; --          ; --             ;
; MIN_CORE_JUNCTION_TEMP               ; 0                                      ; --            ; --          ; --             ;
; MISC_FILE                            ; ram2_bb.v                              ; --            ; --          ; --             ;
; PARTITION_COLOR                      ; -- (Not supported for targeted family) ; --            ; top         ; Top            ;
; PARTITION_FITTER_PRESERVATION_LEVEL  ; -- (Not supported for targeted family) ; --            ; top         ; Top            ;
; PARTITION_NETLIST_TYPE               ; -- (Not supported for targeted family) ; --            ; top         ; Top            ;
; POWER_BOARD_THERMAL_MODEL            ; None (CONSERVATIVE)                    ; --            ; --          ; --             ;
; POWER_PRESET_COOLING_SOLUTION        ; 23 MM HEAT SINK WITH 200 LFPM AIRFLOW  ; --            ; --          ; --             ;
; PROJECT_OUTPUT_DIRECTORY             ; output_files                           ; --            ; --          ; --             ;
; TOP_LEVEL_ENTITY                     ; top                                    ; Proyecto      ; --          ; --             ;
+--------------------------------------+----------------------------------------+---------------+-------------+----------------+


+--------------------------------------------------------------------------------------------------------------------------+
; Flow Elapsed Time                                                                                                        ;
+----------------------+--------------+-------------------------+---------------------+------------------------------------+
; Module Name          ; Elapsed Time ; Average Processors Used ; Peak Virtual Memory ; Total CPU Time (on all processors) ;
+----------------------+--------------+-------------------------+---------------------+------------------------------------+
; Analysis & Synthesis ; 00:02:00     ; 1.4                     ; 5316 MB             ; 00:02:46                           ;
; Fitter               ; 00:13:02     ; 1.2                     ; 7171 MB             ; 00:33:38                           ;
; Assembler            ; 00:00:23     ; 1.0                     ; 5169 MB             ; 00:00:23                           ;
; Timing Analyzer      ; 00:01:13     ; 2.7                     ; 5935 MB             ; 00:02:56                           ;
; EDA Netlist Writer   ; 00:00:13     ; 1.0                     ; 5022 MB             ; 00:00:13                           ;
; Total                ; 00:16:51     ; --                      ; --                  ; 00:39:56                           ;
+----------------------+--------------+-------------------------+---------------------+------------------------------------+


+------------------------------------------------------------------------------------+
; Flow OS Summary                                                                    ;
+----------------------+------------------+------------+------------+----------------+
; Module Name          ; Machine Hostname ; OS Name    ; OS Version ; Processor type ;
+----------------------+------------------+------------+------------+----------------+
; Analysis & Synthesis ; ANDRES-PC        ; Windows 10 ; 10.0       ; x86_64         ;
; Fitter               ; ANDRES-PC        ; Windows 10 ; 10.0       ; x86_64         ;
; Assembler            ; ANDRES-PC        ; Windows 10 ; 10.0       ; x86_64         ;
; Timing Analyzer      ; ANDRES-PC        ; Windows 10 ; 10.0       ; x86_64         ;
; EDA Netlist Writer   ; ANDRES-PC        ; Windows 10 ; 10.0       ; x86_64         ;
+----------------------+------------------+------------+------------+----------------+


------------
; Flow Log ;
------------
quartus_map --read_settings_files=on --write_settings_files=off Proyecto -c Proyecto
quartus_fit --read_settings_files=off --write_settings_files=off Proyecto -c Proyecto
quartus_asm --read_settings_files=off --write_settings_files=off Proyecto -c Proyecto
quartus_sta Proyecto -c Proyecto
quartus_eda --read_settings_files=off --write_settings_files=off Proyecto -c Proyecto



